  browser.cpp
D:\prog\ceepeepees\FilmFinder\FilmFinder\browser.cpp(291,52): warning C4305: 'argument': truncation from 'double' to 'float'
D:\prog\ceepeepees\FilmFinder\FilmFinder\browser.cpp(292,62): warning C4305: 'argument': truncation from 'double' to 'float'
D:\prog\ceepeepees\FilmFinder\FilmFinder\browser.cpp(376,35): warning C4305: 'argument': truncation from 'double' to 'float'
D:\prog\ceepeepees\FilmFinder\FilmFinder\browser.cpp(377,45): warning C4305: 'argument': truncation from 'double' to 'float'
D:\prog\ceepeepees\FilmFinder\FilmFinder\browser.cpp(408,28): warning C4244: 'argument': conversion from 'unsigned __int64' to 'float', possible loss of data
D:\prog\ceepeepees\FilmFinder\FilmFinder\browser.cpp(413,28): warning C4267: '=': conversion from 'size_t' to 'int', possible loss of data
D:\prog\ceepeepees\FilmFinder\FilmFinder\browser.cpp(453,47): warning C4244: 'argument': conversion from 'double' to 'float', possible loss of data
D:\prog\ceepeepees\FilmFinder\FilmFinder\browser.cpp(465,39): warning C4244: 'argument': conversion from 'double' to 'float', possible loss of data
D:\prog\ceepeepees\FilmFinder\FilmFinder\browser.cpp(469,60): warning C4244: 'argument': conversion from 'unsigned __int64' to 'float', possible loss of data
D:\prog\ceepeepees\FilmFinder\FilmFinder\browser.cpp(473,40): warning C4244: 'argument': conversion from 'double' to 'float', possible loss of data
D:\prog\ceepeepees\FilmFinder\FilmFinder\browser.cpp(477,61): warning C4244: 'argument': conversion from 'unsigned __int64' to 'float', possible loss of data
  button.cpp
D:\prog\ceepeepees\FilmFinder\FilmFinder\button.cpp(20,27): warning C4244: 'argument': conversion from 'int' to 'float', possible loss of data
D:\prog\ceepeepees\FilmFinder\FilmFinder\button.cpp(22,23): warning C4305: '=': truncation from 'double' to 'float'
  dateBar.cpp
  film.cpp
  filmDetails.cpp
D:\prog\ceepeepees\FilmFinder\FilmFinder\filmDetails.cpp(28,111): warning C4244: 'argument': conversion from 'float' to 'const unsigned __int64', possible loss of data
  filmParser.cpp
  genreBar.cpp
  main.cpp
  navbar.cpp
  screencapPreview.cpp
  searchBar.cpp
  searchButton.cpp
D:\prog\ceepeepees\FilmFinder\FilmFinder\searchButton.cpp(9,2): warning C4305: '=': truncation from 'double' to 'float'
  searchInput.cpp
  tag.cpp
  thumbnail.cpp
  Generating Code...
  FilmFinder.vcxproj -> D:\prog\ceepeepees\FilmFinder\bin\FilmFinderDebug.exe
